TN:
SF:src/app.js
FN:28,(anonymous_0)
FNF:1
FNH:0
FNDA:0,(anonymous_0)
DA:1,4
DA:3,4
DA:4,4
DA:6,4
DA:7,4
DA:8,4
DA:9,4
DA:11,4
DA:13,4
DA:15,4
DA:16,4
DA:19,4
DA:20,4
DA:21,4
DA:22,4
DA:25,4
DA:28,4
DA:30,4
LF:18
LH:18
BRF:0
BRH:0
end_of_record
TN:
SF:src/swaggerConfig.js
FN:8,(anonymous_0)
FNF:1
FNH:1
FNDA:4,(anonymous_0)
DA:1,4
DA:2,4
DA:3,4
DA:6,4
DA:8,4
DA:9,4
LF:6
LH:6
BRF:0
BRH:0
end_of_record
TN:
SF:src/controllers/authController.js
FN:5,(anonymous_0)
FN:48,(anonymous_1)
FNF:2
FNH:0
FNDA:0,(anonymous_0)
FNDA:0,(anonymous_1)
DA:1,4
DA:2,4
DA:5,4
DA:6,0
DA:7,0
DA:10,0
DA:11,0
DA:17,0
DA:18,0
DA:19,0
DA:25,0
DA:26,0
DA:29,0
DA:36,0
DA:38,0
DA:45,4
DA:48,4
DA:49,0
DA:50,0
DA:52,0
DA:53,0
DA:58,0
DA:59,0
DA:60,0
DA:63,0
DA:64,0
DA:65,0
DA:68,0
DA:74,0
DA:83,0
LF:30
LH:5
BRDA:10,0,0,0
BRDA:10,0,1,0
BRDA:10,1,0,0
BRDA:10,1,1,0
BRDA:18,2,0,0
BRDA:18,2,1,0
BRDA:32,3,0,0
BRDA:32,3,1,0
BRDA:52,4,0,0
BRDA:52,4,1,0
BRDA:52,5,0,0
BRDA:52,5,1,0
BRDA:59,6,0,0
BRDA:59,6,1,0
BRDA:64,7,0,0
BRDA:64,7,1,0
BRF:16
BRH:0
end_of_record
TN:
SF:src/controllers/menuController.js
FN:4,(anonymous_0)
FN:15,(anonymous_1)
FN:30,(anonymous_2)
FN:43,(anonymous_3)
FN:64,(anonymous_4)
FNF:5
FNH:0
FNDA:0,(anonymous_0)
FNDA:0,(anonymous_1)
FNDA:0,(anonymous_2)
FNDA:0,(anonymous_3)
FNDA:0,(anonymous_4)
DA:1,4
DA:4,4
DA:5,0
DA:6,0
DA:7,0
DA:9,0
DA:10,0
DA:15,4
DA:16,0
DA:17,0
DA:19,0
DA:20,0
DA:23,0
DA:25,0
DA:30,4
DA:31,0
DA:32,0
DA:33,0
DA:35,0
DA:43,4
DA:44,0
DA:45,0
DA:50,0
DA:51,0
DA:54,0
DA:56,0
DA:64,4
DA:65,0
DA:66,0
DA:68,0
DA:69,0
DA:72,0
DA:74,0
LF:33
LH:6
BRDA:19,0,0,0
BRDA:19,0,1,0
BRDA:50,1,0,0
BRDA:50,1,1,0
BRDA:68,2,0,0
BRDA:68,2,1,0
BRF:6
BRH:0
end_of_record
TN:
SF:src/controllers/orderController.js
FN:4,(anonymous_0)
FN:15,(anonymous_1)
FN:30,(anonymous_2)
FN:43,(anonymous_3)
FN:64,(anonymous_4)
FN:79,(anonymous_5)
FN:98,(anonymous_6)
FNF:7
FNH:0
FNDA:0,(anonymous_0)
FNDA:0,(anonymous_1)
FNDA:0,(anonymous_2)
FNDA:0,(anonymous_3)
FNDA:0,(anonymous_4)
FNDA:0,(anonymous_5)
FNDA:0,(anonymous_6)
DA:1,4
DA:4,4
DA:5,0
DA:6,0
DA:7,0
DA:9,0
DA:10,0
DA:15,4
DA:16,0
DA:17,0
DA:19,0
DA:20,0
DA:23,0
DA:25,0
DA:30,4
DA:31,0
DA:32,0
DA:33,0
DA:35,0
DA:43,4
DA:44,0
DA:45,0
DA:50,0
DA:51,0
DA:54,0
DA:56,0
DA:64,4
DA:65,0
DA:66,0
DA:68,0
DA:69,0
DA:72,0
DA:74,0
DA:79,4
DA:80,0
DA:81,0
DA:87,0
DA:88,0
DA:91,0
DA:93,0
DA:98,4
DA:99,0
DA:100,0
DA:106,0
DA:107,0
DA:110,0
DA:112,0
LF:47
LH:8
BRDA:19,0,0,0
BRDA:19,0,1,0
BRDA:50,1,0,0
BRDA:50,1,1,0
BRDA:68,2,0,0
BRDA:68,2,1,0
BRDA:87,3,0,0
BRDA:87,3,1,0
BRDA:106,4,0,0
BRDA:106,4,1,0
BRF:10
BRH:0
end_of_record
TN:
SF:src/controllers/productController.js
FN:4,(anonymous_0)
FN:17,(anonymous_1)
FN:30,(anonymous_2)
FN:45,(anonymous_3)
FN:67,(anonymous_4)
FNF:5
FNH:1
FNDA:1,(anonymous_0)
FNDA:0,(anonymous_1)
FNDA:0,(anonymous_2)
FNDA:0,(anonymous_3)
FNDA:0,(anonymous_4)
DA:1,4
DA:4,4
DA:5,1
DA:6,1
DA:7,1
DA:9,0
DA:10,0
DA:17,4
DA:18,0
DA:19,0
DA:20,0
DA:22,0
DA:30,4
DA:31,0
DA:32,0
DA:34,0
DA:35,0
DA:38,0
DA:40,0
DA:45,4
DA:46,0
DA:47,0
DA:53,0
DA:54,0
DA:57,0
DA:59,0
DA:67,4
DA:68,0
DA:69,0
DA:71,0
DA:72,0
DA:75,0
DA:77,0
LF:33
LH:9
BRDA:34,0,0,0
BRDA:34,0,1,0
BRDA:53,1,0,0
BRDA:53,1,1,0
BRDA:71,2,0,0
BRDA:71,2,1,0
BRF:6
BRH:0
end_of_record
TN:
SF:src/middlewares/authMiddleware.js
FN:3,(anonymous_0)
FN:28,(anonymous_1)
FN:29,(anonymous_2)
FNF:3
FNH:1
FNDA:1,(anonymous_0)
FNDA:0,(anonymous_1)
FNDA:0,(anonymous_2)
DA:1,2
DA:3,2
DA:4,1
DA:5,1
DA:6,1
DA:8,1
DA:9,1
DA:12,0
DA:13,0
DA:15,0
DA:16,0
DA:19,0
DA:20,0
DA:21,0
DA:23,0
DA:24,0
DA:28,2
DA:29,0
DA:30,0
DA:31,0
DA:34,0
DA:35,0
DA:38,0
LF:23
LH:8
BRDA:8,0,0,1
BRDA:8,0,1,0
BRDA:13,1,0,0
BRDA:13,1,1,0
BRDA:15,2,0,0
BRDA:15,2,1,0
BRDA:30,3,0,0
BRDA:30,3,1,0
BRDA:34,4,0,0
BRDA:34,4,1,0
BRF:10
BRH:1
end_of_record
TN:
SF:src/middlewares/roleMiddleware.js
FN:2,(anonymous_0)
FN:3,(anonymous_1)
FNF:2
FNH:1
FNDA:8,(anonymous_0)
FNDA:0,(anonymous_1)
DA:2,2
DA:3,8
DA:4,0
DA:5,0
DA:8,0
DA:9,0
DA:12,0
LF:7
LH:2
BRDA:4,0,0,0
BRDA:4,0,1,0
BRDA:8,1,0,0
BRDA:8,1,1,0
BRF:4
BRH:0
end_of_record
TN:
SF:src/models/menu.js
FNF:0
FNH:0
DA:1,4
DA:3,4
DA:33,4
LF:3
LH:3
BRF:0
BRH:0
end_of_record
TN:
SF:src/models/order.js
FN:30,(anonymous_0)
FNF:1
FNH:0
FNDA:0,(anonymous_0)
DA:1,4
DA:3,4
DA:17,4
DA:30,0
DA:38,4
LF:5
LH:4
BRDA:30,0,0,0
BRDA:30,0,1,0
BRF:2
BRH:0
end_of_record
TN:
SF:src/models/product.js
FNF:0
FNH:0
DA:1,3
DA:3,3
DA:35,3
LF:3
LH:3
BRF:0
BRH:0
end_of_record
TN:
SF:src/models/user.js
FN:28,(anonymous_0)
FNF:1
FNH:0
FNDA:0,(anonymous_0)
DA:1,2
DA:3,2
DA:27,2
DA:29,0
DA:30,0
DA:34,2
LF:6
LH:4
BRF:0
BRH:0
end_of_record
TN:
SF:src/routes/menuRoutes.js
FNF:0
FNH:0
DA:1,4
DA:2,4
DA:10,4
DA:13,4
DA:16,4
DA:19,4
DA:22,4
DA:25,4
DA:27,4
LF:9
LH:9
BRF:0
BRH:0
end_of_record
TN:
SF:src/routes/orderRoutes.js
FNF:0
FNH:0
DA:1,4
DA:2,4
DA:4,4
DA:5,4
DA:15,4
DA:18,4
DA:21,4
DA:24,4
DA:27,4
DA:30,4
DA:33,4
DA:41,4
DA:48,4
LF:13
LH:13
BRF:0
BRH:0
end_of_record
TN:
SF:src/routes/productRoutes.js
FNF:0
FNH:0
DA:1,4
DA:2,4
DA:10,4
DA:13,4
DA:16,4
DA:19,4
DA:22,4
DA:25,4
DA:27,4
LF:9
LH:9
BRF:0
BRH:0
end_of_record
TN:
SF:src/routes/userRoutes.js
FN:14,(anonymous_0)
FNF:1
FNH:1
FNDA:1,(anonymous_0)
DA:1,4
DA:2,4
DA:4,4
DA:5,4
DA:6,4
DA:7,4
DA:10,4
DA:11,4
DA:14,4
DA:15,1
DA:16,1
DA:19,4
LF:12
LH:12
BRF:0
BRH:0
end_of_record
TN:
SF:src/utils/calcTotal.js
FN:2,calcTotal
FN:5,(anonymous_1)
FNF:2
FNH:2
FNDA:2,calcTotal
FNDA:2,(anonymous_1)
DA:2,1
DA:3,2
DA:5,1
DA:6,2
DA:7,2
DA:8,2
LF:6
LH:6
BRDA:3,0,0,1
BRDA:3,0,1,1
BRDA:6,1,0,2
BRDA:6,1,1,0
BRDA:7,2,0,2
BRDA:7,2,1,0
BRF:6
BRH:4
end_of_record
